<?xml version="1.0" encoding="UTF-8"?>
<!-- Generated by org.testng.reporters.JUnitXMLReporter -->
<testsuite hostname="DESKTOP-D64OM39" name="okdollartest" tests="1" failures="1" timestamp="28 Nov 2019 13:12:47 GMT" time="74.602" errors="0">
  <testcase name="numberinterchange" time="32.259" classname="okdollar.payto">
    <failure type="org.openqa.selenium.NoSuchElementException" message="no such element (An element could not be located on the page using the given search parameters (XPATH=&amp;apos;(//*[@class=&amp;apos;o.гі&amp;apos;]/*/*/*[@class=&amp;apos;android.widget.LinearLayout&amp;apos; and @width&amp;gt;0 and ./*[@text and @id=&amp;apos;com.jas.digitalkyats:id/&amp;apos;]])[1]&amp;apos;))  (WARNING: The server did not provide any stacktrace information)
Command duration or timeout: 0 milliseconds
For documentation on this error, please visit: https://www.seleniumhq.org/exceptions/no_such_element.html
Build info: version: &amp;apos;3.141.59&amp;apos;, revision: &amp;apos;e82be7d358&amp;apos;, time: &amp;apos;2018-11-14T08:25:53&amp;apos;
System info: host: &amp;apos;DESKTOP-D64OM39&amp;apos;, ip: &amp;apos;192.168.56.1&amp;apos;, os.name: &amp;apos;Windows 10&amp;apos;, os.arch: &amp;apos;amd64&amp;apos;, os.version: &amp;apos;10.0&amp;apos;, java.version: &amp;apos;1.8.0_171&amp;apos;
Driver info: io.appium.java_client.android.AndroidDriver
Capabilities {appActivity: .ui.SplashActivity, appPackage: com.jas.digitalkyats, appiumVersion: 1.8.0, autoAcceptAlerts: false, autoDismissAlerts: false, autoGrantPermissions: false, autoWebview: false, desired: {appActivity: .ui.SplashActivity, appPackage: com.jas.digitalkyats, platformName: Android, udid: RF8M74PYR7R}, device.category: PHONE, device.majorVersion: 9, device.manufacture: samsung, device.model: SM-N975F, device.name: note10+, device.os: Android, device.screenSize: 1080x2280, device.serialNumber: RF8M74PYR7R, device.version: 9, deviceUDID: RF8M74PYR7R, dontGoHomeOnQuit: false, dontStopAppOnReset: false, fullReset: false, install.only.for.update: false, instrumentApp: false, javascriptEnabled: true, keystorePath: ~/.android/debug.keystore, locationServicesAuthorized: false, newSessionWaitTimeout: 300, noReset: false, platform: ANDROID, platformName: Android, projectName: , reportDirectory: reports, reportFormat: xml, reportUrl: C:\Users\User\appiumstudio-..., reservationDuration: 240, takeScreenshots: true, test.type: Mobile, testName: mobile test 11/28/19 07:42 PM, udid: RF8M74PYR7R, useKeystore: false, waitForDeviceTimeout: 120000}
Session ID: c9f48cbf-e189-4eea-982d-4658fb2f3549
*** Element info: {Using=xpath, value=(//*[@class=&amp;apos;o.гі&amp;apos;]/*/*/*[@class=&amp;apos;android.widget.LinearLayout&amp;apos; and @width&amp;gt;0 and ./*[@text and @id=&amp;apos;com.jas.digitalkyats:id/&amp;apos;]])[1]}">
      <![CDATA[org.openqa.selenium.NoSuchElementException: no such element (An element could not be located on the page using the given search parameters (XPATH='(//*[@class='o.гі']/*/*/*[@class='android.widget.LinearLayout' and @width>0 and ./*[@text and @id='com.jas.digitalkyats:id/']])[1]'))  (WARNING: The server did not provide any stacktrace information)
Command duration or timeout: 0 milliseconds
For documentation on this error, please visit: https://www.seleniumhq.org/exceptions/no_such_element.html
Build info: version: '3.141.59', revision: 'e82be7d358', time: '2018-11-14T08:25:53'
System info: host: 'DESKTOP-D64OM39', ip: '192.168.56.1', os.name: 'Windows 10', os.arch: 'amd64', os.version: '10.0', java.version: '1.8.0_171'
Driver info: io.appium.java_client.android.AndroidDriver
Capabilities {appActivity: .ui.SplashActivity, appPackage: com.jas.digitalkyats, appiumVersion: 1.8.0, autoAcceptAlerts: false, autoDismissAlerts: false, autoGrantPermissions: false, autoWebview: false, desired: {appActivity: .ui.SplashActivity, appPackage: com.jas.digitalkyats, platformName: Android, udid: RF8M74PYR7R}, device.category: PHONE, device.majorVersion: 9, device.manufacture: samsung, device.model: SM-N975F, device.name: note10+, device.os: Android, device.screenSize: 1080x2280, device.serialNumber: RF8M74PYR7R, device.version: 9, deviceUDID: RF8M74PYR7R, dontGoHomeOnQuit: false, dontStopAppOnReset: false, fullReset: false, install.only.for.update: false, instrumentApp: false, javascriptEnabled: true, keystorePath: ~/.android/debug.keystore, locationServicesAuthorized: false, newSessionWaitTimeout: 300, noReset: false, platform: ANDROID, platformName: Android, projectName: , reportDirectory: reports, reportFormat: xml, reportUrl: C:\Users\User\appiumstudio-..., reservationDuration: 240, takeScreenshots: true, test.type: Mobile, testName: mobile test 11/28/19 07:42 PM, udid: RF8M74PYR7R, useKeystore: false, waitForDeviceTimeout: 120000}
Session ID: c9f48cbf-e189-4eea-982d-4658fb2f3549
*** Element info: {Using=xpath, value=(//*[@class='o.гі']/*/*/*[@class='android.widget.LinearLayout' and @width>0 and ./*[@text and @id='com.jas.digitalkyats:id/']])[1]}
	at org.openqa.selenium.remote.ErrorHandler.createThrowable(ErrorHandler.java:214)
	at org.openqa.selenium.remote.ErrorHandler.throwIfResponseFailed(ErrorHandler.java:166)
	at org.openqa.selenium.remote.http.JsonHttpResponseCodec.reconstructValue(JsonHttpResponseCodec.java:40)
	at org.openqa.selenium.remote.http.AbstractHttpResponseCodec.decode(AbstractHttpResponseCodec.java:80)
	at org.openqa.selenium.remote.http.AbstractHttpResponseCodec.decode(AbstractHttpResponseCodec.java:44)
	at org.openqa.selenium.remote.HttpCommandExecutor.execute(HttpCommandExecutor.java:158)
	at io.appium.java_client.remote.AppiumCommandExecutor.execute(AppiumCommandExecutor.java:239)
	at org.openqa.selenium.remote.RemoteWebDriver.execute(RemoteWebDriver.java:552)
	at io.appium.java_client.DefaultGenericMobileDriver.execute(DefaultGenericMobileDriver.java:41)
	at io.appium.java_client.AppiumDriver.execute(AppiumDriver.java:1)
	at io.appium.java_client.android.AndroidDriver.execute(AndroidDriver.java:1)
	at org.openqa.selenium.remote.RemoteWebDriver.findElement(RemoteWebDriver.java:323)
	at io.appium.java_client.DefaultGenericMobileDriver.findElement(DefaultGenericMobileDriver.java:61)
	at io.appium.java_client.AppiumDriver.findElement(AppiumDriver.java:1)
	at io.appium.java_client.android.AndroidDriver.findElement(AndroidDriver.java:1)
	at org.openqa.selenium.remote.RemoteWebDriver.findElementByXPath(RemoteWebDriver.java:428)
	at io.appium.java_client.DefaultGenericMobileDriver.findElementByXPath(DefaultGenericMobileDriver.java:151)
	at io.appium.java_client.AppiumDriver.findElementByXPath(AppiumDriver.java:1)
	at io.appium.java_client.android.AndroidDriver.findElementByXPath(AndroidDriver.java:1)
	at org.openqa.selenium.By$ByXPath.findElement(By.java:353)
	at org.openqa.selenium.remote.RemoteWebDriver.findElement(RemoteWebDriver.java:315)
	at io.appium.java_client.DefaultGenericMobileDriver.findElement(DefaultGenericMobileDriver.java:57)
	at io.appium.java_client.AppiumDriver.findElement(AppiumDriver.java:1)
	at io.appium.java_client.android.AndroidDriver.findElement(AndroidDriver.java:1)
	at okdollar.payto.fromcon(payto.java:502)
	at okdollar.payto.numberinterchange(payto.java:436)
... Removed 29 stack frames]]>
    </failure>
  </testcase> <!-- numberinterchange -->
</testsuite> <!-- okdollartest -->
